2024-03-14T10:18:17.435Z PATCH /api/v1/tours/65e869f5d7df553284abf8b8 200
2024-03-14T10:24:23.622Z GET /api/v1/tours?difficulty=easy&duration[gte]=5&fields=name,price,difficulty 200
2024-03-14T10:34:03.095Z GET /api/v1/tours/top-5-cheap 200
2024-03-17T06:40:27.394Z GET /api/v1/tours/top-5-cheap 200
2024-03-17T06:57:12.349Z GET /api/v1/tours/top-5-cheap 404
2024-03-17T06:58:02.145Z GET /api/v1/tours?difficulty=easy&duration[gte]=5 404
2024-03-17T06:58:55.642Z GET /api/v1/tours/top-5-cheap 404
2024-03-17T06:59:25.114Z GET /api/v1/tours/top-5-cheap 404
2024-03-17T06:59:33.280Z GET /api/v1/tours?difficulty=easy&duration[gte]=5 404
2024-03-17T06:59:57.562Z GET /api/v1/tours?difficulty=easy&duration[gte]=5 404
2024-03-17T07:00:11.484Z GET /api/v1/tours?difficulty=easy&duration[gte]=5 200
2024-03-17T07:03:56.059Z GET /api/v1/tours/top-5-cheap 200
2024-03-17T07:22:28.434Z GET /api/v1/tours?difficulty=easy&duration[gte]=5 200
2024-03-17T07:23:14.344Z GET /api/v1/tours?difficulty=easy&duration[gte]=5 200
2024-03-17T07:28:20.218Z GET /api/v1/tours/top-5-cheap 200
2024-03-17T08:06:58.016Z GET /api/v1/tours?limit=startDates 200
2024-03-17T08:07:21.453Z GET /api/v1/tours?fields=startDates 200
2024-03-17T08:42:52.016Z GET /api/v1/tours?fields=startDates 200
2024-03-17T08:47:19.212Z GET /api/v1/tours/ 200
2024-03-17T08:48:46.233Z GET /api/v1/tours/top-5-cheap 200
2024-03-17T08:49:08.230Z GET /api/v1/tours/monthly-plan 200
2024-03-17T09:05:46.264Z GET /api/v1/tours?id=65f6b0cdc98c1c3e44dd222f 200
2024-03-17T09:13:09.259Z GET /api/v1/tours?id=65f6b0cdc98c1c3e44dd222f 200
2024-04-09T10:23:54.136Z GET /api/v1/tours?difficulty=easy&duration[gte]=5&fields=name,price,difficulty 200
2024-04-09T10:24:24.756Z GET /api/v1/tours 200
2024-04-09T10:28:43.840Z POST /api/v1/tours 201
2024-04-11T06:51:08.033Z POST /api/v1/tours 201
2024-04-11T06:54:46.186Z POST /api/v1/tours 201
2024-04-11T07:00:14.891Z POST /api/v1/tours 201
2024-04-11T07:03:10.014Z GET /api/v1/tours 404
2024-04-11T07:03:26.417Z GET /api/v1/tours 404
2024-04-11T07:03:51.271Z GET /api/v1/tours?difficulty=easy&duration[gte]=5&fields=name,price,difficulty 404
2024-04-11T07:04:04.553Z GET /api/v1/tours 404
2024-04-11T07:04:13.760Z GET /api/v1/tours 200
2024-04-11T07:04:55.673Z GET /api/v1/tours 404
2024-04-11T07:05:26.085Z GET /api/v1/tours 200
2024-04-11T07:13:59.848Z GET /api/v1/tours 200
2024-04-11T07:18:44.616Z GET /api/v1/tours 200
2024-04-11T07:19:02.430Z GET /api/v1/tours 200
2024-04-11T07:19:27.970Z GET /api/v1/tours 200
2024-04-11T07:39:26.793Z POST /api/v1/tours 400
2024-04-11T08:19:03.355Z POST /api/v1/tours 400
2024-04-11T08:19:20.843Z GET /api/v1/tours 200
2024-04-11T08:20:59.611Z GET /api/v1/tours 200
2024-04-11T10:07:08.673Z GET /api/v1/tours?fields=name,duration 200
2024-04-11T10:07:43.960Z GET /api/v1/tours?fields=name,duration 200
2024-04-11T10:08:27.713Z GET /api/v1/tours?fields=name,duration 200
2024-04-11T10:09:24.791Z GET /api/v1/tours?fields=name,duration 200
2024-04-11T10:11:50.662Z GET /api/v1/tours?fields=name,duration 200
2024-04-11T10:33:02.715Z GET /api/v1/tours 200
2024-04-13T08:08:56.130Z POST /api/v1/tours 200
2024-04-13T08:09:14.397Z POST /api/v1/tours 200
2024-04-13T08:35:20.606Z GET /api/v1/tours 200
2024-04-13T08:37:37.186Z GET /api/v1/tours 200
2024-04-13T08:37:41.336Z GET /api/v1/tours 200
2024-04-13T08:38:23.123Z GET /api/v1/tours/65e869f5d7df553284abf8b8 200
2024-04-22T09:36:07.522Z GET /api/v1/tours 200
2024-04-22T09:43:58.031Z GET /api/v1/tours/01230fasdasd 200
2024-04-22T10:05:48.396Z DELETE /api/v1/tours/01230fasdasd 200
2024-04-22T10:31:28.774Z GET /api/v1/tours/01230fasdasd 200
2024-04-22T10:37:00.418Z GET /api/v1/tours 200
2024-04-22T10:37:49.930Z GET /api/v1/tours/01230fasdasd 200
2024-04-22T10:38:46.048Z GET /api/v1/tours/01230fasdasd 200
2024-04-22T10:39:12.928Z GET /api/v1/tours/01230fasdasd 200
2024-04-22T10:39:27.744Z GET /api/v1/tours/01230fasdasd 200
2024-04-22T10:40:14.528Z GET /api/v1/tours/01230fasdasd 200
2024-04-23T04:20:00.458Z GET /api/v1/tours/01230fasdasd 200
2024-04-23T04:20:37.449Z GET /api/v1/tours/01230fasdasd 200
2024-04-23T04:20:40.411Z GET /api/v1/tours/01230fasdasd 200
2024-04-23T04:22:09.197Z GET /api/v1/tours/01230fasdasd 200
2024-04-23T04:23:45.255Z GET /api/v1/tours/01230fasdasd 200
2024-04-23T04:24:01.798Z GET /api/v1/tours/01230fasdasd 200
2024-04-23T04:24:44.973Z GET /api/v1/tours/01230fasdasd 200
2024-04-23T04:25:23.188Z GET /api/v1/tours/01230fasdasd 200
2024-04-23T04:25:44.263Z GET /api/v1/tours/01230fasdasd 200
2024-04-23T04:26:20.470Z GET /api/v1/tours/01230fasdasd 200
2024-04-23T04:28:03.951Z GET /api/v1/tours/01230fasdasd 200
2024-04-23T04:28:34.206Z GET /api/v1/tours/01230fasdasd 200
2024-04-23T04:30:31.623Z GET /api/v1/tours/01230fasdasd 200
2024-04-23T04:30:50.925Z GET /api/v1/tours 200
2024-04-23T04:30:58.040Z GET /api/v1/tours 304
2024-04-23T04:31:11.979Z GET /api/v1/tours/65f6b6525220624a948a7fcc 200
2024-04-23T04:37:41.677Z GET /api/v1/tours 304
2024-04-23T04:37:48.879Z GET /api/v1/tours/65f6b6525220624a948a7fc9 200
2024-05-08T10:02:06.668Z GET /api/v1/tours 200
2024-05-08T10:03:09.603Z GET /api/v1/tours 200
2024-05-08T10:05:07.563Z GET /api/v1/tours 200
2024-05-08T10:07:38.801Z GET /api/v1/tours 200
2024-05-08T10:09:57.946Z GET /api/v1/tours 200
2024-05-08T10:17:04.141Z GET /api/v1/tours 200
2024-05-08T10:17:17.714Z GET /api/v1/tours 200
2024-05-08T10:19:18.548Z GET /api/v1/tours 200
2024-05-08T10:19:42.050Z GET /api/v1/tours 200
2024-05-08T10:20:12.045Z GET /api/v1/tours 200
2024-05-08T10:20:23.000Z GET /api/v1/tours 200
2024-05-08T10:26:36.726Z GET /api/v1/tours 200
2024-05-08T10:29:32.575Z GET /api/v1/tours 200
2024-05-10T06:13:51.680Z GET /api/v1/tours/65f6b6525220624a948a7fc4 200
2024-05-10T06:17:22.810Z GET /api/v1/tours/65f6b6525220624a948a7fc4 200

   400
2024-05-10T06:22:01.300Z GET /api/v1/tours/65f6b6525220624a948a7asd [object Object]
2024-05-10T06:25:34.793Z GET /api/v1/tours/65f6b6525220624a948a7asd 200
2024-05-10T06:26:01.855Z GET /api/v1/tours/65f6b6525220624a948a7asd 
2024-05-10T06:27:39.660Z GET /api/v1/tours/65f6b6525220624a948a7asd 
Fri May 10 2024 GET /api/v1/tours/65f6b6525220624a948a7asd 
Date:  Fri May 10 2024 METHOD:  GET /api/v1/tours/65f6b6525220624a948a7asd 
Date: Fri May 10 2024 ;METHOD:  GET /api/v1/tours/65f6b6525220624a948a7asd 
Date: Fri May 10 202 METHOD:  GET /api/v1/tours/65f6b6525220624a948a7asd 
Date: Fri May 10 2024 METHOD:  GET /api/v1/tours/65f6b6525220624a948a7asd 
Date: Fri May 10 2024 METHOD: GET /api/v1/tours/65f6b6525220624a948a7asd 
Date: | Fri May 10 2024 | METHOD: | GET | /api/v1/tours/65f6b6525220624a948a7asd | 
Fri May 10 2024 | GET | /api/v1/tours/65f6b6525220624a948a7asd | 
Fri May 10 2024 | GET | /api/v1/tours/65f6b6525220624a948a7asd | 
Fri May 10 2024 | GET | /api/v1/tours/3512312312 | 
Fri May 10 2024 | GET | /api/v1/tours/3512312312 | 
Fri May 10 2024 | GET | /api/v1/tours | 
2024-05-10T10:05:37.891Z GET /api/v1/tours 200
Fri May 10 2024 | GET | /api/v1/tours | 
Fri May 10 2024 | GET | /api/v1/tours | 
Invalid Date |  |  | 
Fri May 10 2024 | GET | /api/v1/tours | 
Fri May 10 2024 | GET | /api/v1/tours | 200
Fri May 10 2024 | 17:10:18 GMT+0700 (Indochina Time) | GET | /api/v1/tours | 
Fri May 10 2024 | 17:10:18 GMT+0700 (Indochina Time) | GET | /api/v1/tours | 200
Fri May 10 2024 | 5:11:18 PM | GET | /api/v1/tours | 
Fri May 10 2024 | 5:11:18 PM | GET | /api/v1/tours | 200
Fri May 10 2024 | 5:11:38 PM | GET | /api/v1/tours | 
Fri May 10 2024 | 5:13:00 PM | GET | /api/v1/tours | 
Fri May 10 2024 | 5:13:15 PM | GET | /api/v1/tours | 
Fri May 10 2024 | 5:14:11 PM | GET | /api/v1/tours | 200
Fri May 10 2024 | 5:14:38 PM | GET | /api/v1/tours | 200
Fri May 10 2024 | 5:15:26 PM | GET | /api/v1/tours | 200
Fri May 10 2024 | 5:16:52 PM | GET | /api/v1/tours | 200
Fri May 10 2024 | 5:17:40 PM | GET | /api/v1/tours | 200
Fri May 10 2024 | 5:20:11 PM | GET | /api/v1/tours | 400
Fri May 10 2024 | 5:20:29 PM | GET | /api/v1/tours | 400
