function createFormatWrap(opts) {
    return new Format(opts);
  } - [error] - undefined - undefined - 404 - Can't find /api/v1/zalopay on this server - 
function createFormatWrap(opts) {
    return new Format(opts);
  } - [error] - undefined - undefined - 404 - Can't find /favicon.ico on this server - 
function createFormatWrap(opts) {
    return new Format(opts);
  } - [error] - undefined - undefined - 404 - Can't find /api/v1/zalopay/payment on this server - 
function createFormatWrap(opts) {
    return new Format(opts);
  } - [error] - undefined - undefined - 404 - Can't find /api/v1/zalopay/payment on this server - 
function createFormatWrap(opts) {
    return new Format(opts);
  } - [error] - undefined - undefined - 404 - Can't find /img/users/user-66601c522365d8427c081086-1718780526717.jpeg on this server - 
function createFormatWrap(opts) {
    return new Format(opts);
  } - [error] - undefined - undefined - 404 - Can't find //api/v1/zalopay/payment on this server - 
function createFormatWrap(opts) {
    return new Format(opts);
  } - [error] - undefined - undefined - 404 - Can't find /api/v1/zalopay/payment on this server - 
function createFormatWrap(opts) {
    return new Format(opts);
  } - [error] - undefined - undefined - 404 - Can't find /api/v1/zalopay/payment on this server - 
function createFormatWrap(opts) {
    return new Format(opts);
  } - [error] - undefined - undefined - 404 - Can't find /api/v1/zalopay/payment on this server - 
function createFormatWrap(opts) {
    return new Format(opts);
  } - [error] - undefined - undefined - 401 - The user who has this token does no longer exist - 
function createFormatWrap(opts) {
    return new Format(opts);
  } - [error] - undefined - undefined - 404 - Can't find /api/v1/bookings/checkout-session/ on this server - 
function createFormatWrap(opts) {
    return new Format(opts);
  } - [error] - undefined - undefined - 404 - Can't find /api/v1/bookings/checkout-session/5c88fa8cf4afda39709c2966 on this server - 
function createFormatWrap(opts) {
    return new Format(opts);
  } - [error] - undefined - undefined - 404 - Can't find /api/v1/bookings/checkout-session/5c88fa8cf4afda39709c2966 on this server - 
function createFormatWrap(opts) {
    return new Format(opts);
  } - [error] - undefined - undefined - 404 - Can't find /api/v1/bookings/checkout-session/5c88fa8cf4afda39709c2966 on this server - 
function createFormatWrap(opts) {
    return new Format(opts);
  } - [error] - undefined - undefined - 400 - Cannot read properties of undefined (reading 'create') - 
function createFormatWrap(opts) {
    return new Format(opts);
  } - [error] - undefined - undefined - 400 - Cannot read properties of undefined (reading 'create') - 
function createFormatWrap(opts) {
    return new Format(opts);
  } - [error] - undefined - undefined - 400 - Cannot read properties of undefined (reading 'create') - 
function createFormatWrap(opts) {
    return new Format(opts);
  } - [error] - undefined - undefined - 400 - Received unknown parameter: payment_method_type. Did you mean payment_method_types? - 
function createFormatWrap(opts) {
    return new Format(opts);
  } - [error] - undefined - undefined - 400 - Invalid payment_method_types[0]: must be one of card, acss_debit, affirm, afterpay_clearpay, alipay, au_becs_debit, bacs_debit, bancontact, blik, boleto, cashapp, customer_balance, eps, fpx, giropay, grabpay, ideal, klarna, konbini, link, multibanco, oxxo, p24, paynow, paypal, pix, promptpay, sepa_debit, sofort, swish, us_bank_account, wechat_pay, revolut_pay, mobilepay, zip, amazon_pay, or twint - 
function createFormatWrap(opts) {
    return new Format(opts);
  } - [error] - undefined - undefined - 400 - You cannot use `line_items.amount`, `line_items.currency`, `line_items.name`, `line_items.description`, or `line_items.images` in this API version. Please use `line_items.price` or `line_items.price_data`. Please see https://stripe.com/docs/payments/checkout/migrating-prices for more information. - 
function createFormatWrap(opts) {
    return new Format(opts);
  } - [error] - undefined - undefined - 400 - You cannot use `line_items.amount`, `line_items.currency`, `line_items.name`, `line_items.description`, or `line_items.images` in this API version. Please use `line_items.price` or `line_items.price_data`. Please see https://stripe.com/docs/payments/checkout/migrating-prices for more information. - 
function createFormatWrap(opts) {
    return new Format(opts);
  } - [error] - undefined - undefined - 400 - You may only specify one of these parameters: name, price_data. - 
function createFormatWrap(opts) {
    return new Format(opts);
  } - [error] - undefined - undefined - 400 - You may only specify one of these parameters: name, price_data. - 
function createFormatWrap(opts) {
    return new Format(opts);
  } - [error] - undefined - undefined - 400 - You may only specify one of these parameters: name, price_data. - 
function createFormatWrap(opts) {
    return new Format(opts);
  } - [error] - undefined - undefined - 400 - You may only specify one of these parameters: name, price_data. - 
function createFormatWrap(opts) {
    return new Format(opts);
  } - [error] - undefined - undefined - 400 - You may only specify one of these parameters: name, price. - 
function createFormatWrap(opts) {
    return new Format(opts);
  } - [error] - undefined - undefined - 400 - You cannot use `line_items.amount`, `line_items.currency`, `line_items.name`, `line_items.description`, or `line_items.images` in this API version. Please use `line_items.price` or `line_items.price_data`. Please see https://stripe.com/docs/payments/checkout/migrating-prices for more information. - 
function createFormatWrap(opts) {
    return new Format(opts);
  } - [error] - undefined - undefined - 400 - You may only specify one of these parameters: name, price. - 
function createFormatWrap(opts) {
    return new Format(opts);
  } - [error] - undefined - undefined - 400 - You may only specify one of these parameters: name, price_data. - 
function createFormatWrap(opts) {
    return new Format(opts);
  } - [error] - undefined - undefined - 400 - You must provide `mode` when using prices. - 
function createFormatWrap(opts) {
    return new Format(opts);
  } - [error] - undefined - undefined - 404 - Can't find /my-tours?tour=5c88fa8cf4afda39709c2966&user=66601c522365d8427c081086&price=2997 on this server - 
function createFormatWrap(opts) {
    return new Format(opts);
  } - [error] - undefined - undefined - 404 - Can't find /img/users/user-66601c522365d8427c081086-1718780526717.jpeg on this server - 
