function createFormatWrap(opts) {
    return new Format(opts);
  } - [error] - undefined - undefined - 400 - connect ECONNREFUSED ::1:587 - 
function createFormatWrap(opts) {
    return new Format(opts);
  } - [error] - undefined - undefined - 400 - Message failed: 450 The from.email domain must be verified in your account to send emails. #MS42207 The from.email domain must be verified in your account to send emails. #MS42207 - 
function createFormatWrap(opts) {
    return new Format(opts);
  } - [error] - undefined - undefined - 400 - Message failed: 450 The from.email domain must be verified in your account to send emails. #MS42207 The from.email domain must be verified in your account to send emails. #MS42207 - 
function createFormatWrap(opts) {
    return new Format(opts);
  } - [error] - undefined - undefined - 400 - Message failed: 450 The from.email domain must be verified in your account to send emails. #MS42207 The from.email domain must be verified in your account to send emails. #MS42207 - 
function createFormatWrap(opts) {
    return new Format(opts);
  } - [error] - undefined - undefined - 400 - Message failed: 450 The from.email domain must be verified in your account to send emails. #MS42207 The from.email domain must be verified in your account to send emails. #MS42207 - 
function createFormatWrap(opts) {
    return new Format(opts);
  } - [error] - undefined - undefined - 404 - Can't find /img/users/user-66601c522365d8427c081086-1718780526717.jpeg on this server - 
function createFormatWrap(opts) {
    return new Format(opts);
  } - [error] - undefined - undefined - 404 - Can't find /payment on this server - 
function createFormatWrap(opts) {
    return new Format(opts);
  } - [error] - undefined - undefined - 404 - Can't find /callback on this server - 
