2024-05-24 15:48:03.440 PM - [error] - undefined - undefined - 401 - Incorrect email or password - 
2024-05-24 15:48:15.745 PM - [error] - undefined - undefined - 400 - User validation failed: confirmPassword: Please provide confirm password - 
2024-05-24 15:48:34.609 PM - [error] - undefined - undefined - 400 - User validation failed: confirmPassword: Please provide confirm password - 
2024-05-24 15:50:00.810 PM - [error] - undefined - undefined - 400 - User validation failed: confirmPassword: Please provide confirm password - 
2024-05-24 15:50:27.630 PM - [error] - undefined - undefined - 404 - Can't find /api/v1/users/login on this server - 
2024-05-24 15:54:41.839 PM - [error] - undefined - undefined - 404 - Can't find /api/v1/users/login on this server - 
2024-05-24 16:07:05.041 PM - [error] - undefined - undefined - 404 - Can't find /api/v1/users/login on this server - 
2024-05-24 16:25:18.910 PM - [error] - undefined - undefined - 404 - Can't find /api/v1/users/login on this server - 
2024-05-24 16:38:39.916 PM - [error] - undefined - undefined - 404 - Can't find /api/v1/users/login on this server - 
2024-05-24 16:44:30.527 PM - [error] - undefined - undefined - 404 - Can't find /favicon.ico on this server - 
2024-05-24 16:45:18.457 PM - [error] - undefined - undefined - undefined - Please provide email and password - 
2024-05-24 16:45:23.189 PM - [error] - undefined - undefined - 404 - Can't find /api/v1/users/login on this server - 
2024-05-24 16:45:29.909 PM - [error] - undefined - undefined - 404 - Can't find /favicon.ico on this server - 
2024-05-24 16:47:04.838 PM - [error] - undefined - undefined - 404 - Can't find /api/v1/users/login on this server - 
2024-05-24 16:47:33.590 PM - [error] - undefined - undefined - 404 - Can't find /api/v1/users/login on this server - 
2024-05-24 16:47:43.793 PM - [error] - undefined - undefined - 404 - Can't find /api/v1/users/login on this server - 
2024-05-24 16:47:57.250 PM - [error] - undefined - undefined - 404 - Can't find /api/v1/users/login on this server - 
2024-05-24 16:48:27.390 PM - [error] - undefined - undefined - 404 - Can't find /api/v1/users/login on this server - 
2024-05-24 16:49:53.079 PM - [error] - undefined - undefined - 404 - Can't find /api/v1/users/login on this server - 
2024-05-24 16:50:29.594 PM - [error] - undefined - undefined - 404 - Can't find /api/v1/users/login on this server - 
2024-05-24 16:51:31.367 PM - [error] - undefined - undefined - 404 - Can't find /api/v1/users/login on this server - 
2024-05-24 16:51:42.677 PM - [error] - undefined - undefined - 404 - Can't find /api/v1/users/login on this server - 
2024-05-24 16:56:01.663 PM - [error] - undefined - undefined - 400 - Cast to string failed for value "{}" (type Object) at path "email" for model "User" - 
2024-05-24 17:00:35.312 PM - [error] - undefined - undefined - 404 - Can't find /api/v1/users/login on this server - 
2024-05-24 17:00:45.440 PM - [error] - undefined - undefined - 404 - Can't find /api/v1/tours on this server - 
2024-05-24 17:00:45.453 PM - [error] - undefined - undefined - 400 - Cannot set headers after they are sent to the client - 
2024-05-24 17:00:52.960 PM - [error] - undefined - undefined - 404 - Can't find /api/v1/tours on this server - 
2024-05-24 17:00:52.967 PM - [error] - undefined - undefined - 400 - Cannot set headers after they are sent to the client - 
2024-05-24 17:03:51.397 PM - [error] - undefined - undefined - 401 - Incorrect email or password - 
2024-05-24 17:04:05.150 PM - [error] - undefined - undefined - 401 - Incorrect email or password - 
2024-05-24 17:04:19.686 PM - [error] - undefined - undefined - 400 - jwt malformed - 
2024-05-24 17:04:19.776 PM - [error] - undefined - undefined - 400 - Cannot set headers after they are sent to the client - 
2024-05-24 17:08:43.063 PM - [error] - undefined - undefined - 404 - Can't find /api/v1/tours on this server - 
2024-05-24 17:09:45.765 PM - [error] - undefined - undefined - 404 - Can't find /api/v1/tours on this server - 
2024-05-24 17:09:45.785 PM - [error] - undefined - undefined - 400 - Cannot set headers after they are sent to the client - 
2024-05-24 17:14:03.987 PM - [error] - undefined - undefined - 404 - Can't find /api/v1/tours on this server - 
2024-05-24 17:14:26.562 PM - [error] - undefined - undefined - 404 - Can't find /api/v1/tours on this server - 
2024-05-24 17:19:36.290 PM - [error] - undefined - undefined - 404 - Can't find /api/v1/tours on this server - 
2024-05-24 17:19:43.936 PM - [error] - undefined - undefined - 404 - Can't find /api/v1/tours on this server - 
2024-05-24 17:19:43.957 PM - [error] - undefined - undefined - 400 - Cannot set headers after they are sent to the client - 
2024-05-24 17:19:51.857 PM - [error] - undefined - undefined - 404 - Can't find /api/v1/tours on this server - 
2024-05-24 17:19:51.878 PM - [error] - undefined - undefined - 400 - Cannot set headers after they are sent to the client - 
2024-05-24 17:19:55.923 PM - [error] - undefined - undefined - 404 - Can't find /api/v1/tours on this server - 
2024-05-24 17:19:55.944 PM - [error] - undefined - undefined - 400 - Cannot set headers after they are sent to the client - 
2024-05-24 17:20:54.024 PM - [error] - undefined - undefined - 404 - Can't find /api/v1/tours on this server - 
2024-05-24 17:20:54.047 PM - [error] - undefined - undefined - 400 - Cannot set headers after they are sent to the client - 
2024-05-24 17:20:57.012 PM - [error] - undefined - undefined - 404 - Can't find /api/v1/tours on this server - 
2024-05-24 17:20:57.031 PM - [error] - undefined - undefined - 400 - Cannot set headers after they are sent to the client - 
2024-05-24 17:21:03.484 PM - [error] - undefined - undefined - 404 - Can't find /api/v1/tours on this server - 
2024-05-24 17:21:03.510 PM - [error] - undefined - undefined - 400 - Cannot set headers after they are sent to the client - 
2024-05-24 17:21:05.375 PM - [error] - undefined - undefined - 404 - Can't find /api/v1/tours on this server - 
2024-05-24 17:21:05.394 PM - [error] - undefined - undefined - 400 - Cannot set headers after they are sent to the client - 
2024-05-24 17:21:20.783 PM - [error] - undefined - undefined - 404 - Can't find /api/v1/tours on this server - 
2024-05-24 17:21:20.809 PM - [error] - undefined - undefined - 400 - Cannot set headers after they are sent to the client - 
2024-05-24 17:21:21.983 PM - [error] - undefined - undefined - 404 - Can't find /api/v1/tours on this server - 
2024-05-24 17:21:22.001 PM - [error] - undefined - undefined - 400 - Cannot set headers after they are sent to the client - 
2024-05-24 17:21:41.654 PM - [error] - undefined - undefined - 404 - Can't find /api/v1/tours on this server - 
2024-05-24 17:22:10.890 PM - [error] - undefined - undefined - 404 - Can't find /api/v1/tours on this server - 
2024-05-24 17:22:12.347 PM - [error] - undefined - undefined - 404 - Can't find /api/v1/tours on this server - 
2024-05-24 17:22:12.367 PM - [error] - undefined - undefined - 400 - Cannot set headers after they are sent to the client - 
2024-05-24 17:22:13.616 PM - [error] - undefined - undefined - 404 - Can't find /api/v1/tours on this server - 
2024-05-24 17:22:13.631 PM - [error] - undefined - undefined - 400 - Cannot set headers after they are sent to the client - 
2024-05-24 17:23:23.631 PM - [error] - undefined - undefined - 404 - Can't find /api/v1/tours on this server - DEV - 
2024-05-24 17:23:25.751 PM - [error] - undefined - undefined - 404 - Can't find /api/v1/tours on this server - DEV - 
2024-05-24 17:23:30.388 PM - [error] - undefined - undefined - 404 - Can't find /api/v1/tourssaddfasd on this server - DEV - 
2024-05-24 17:23:38.703 PM - [error] - undefined - undefined - 404 - Can't find /api/v1/tours on this server - DEV - 
2024-05-24 17:23:43.219 PM - [error] - undefined - undefined - 404 - Can't find /api/v1/toursghasdasdasd on this server - DEV - 
2024-05-24 17:24:35.055 PM - [error] - undefined - undefined - 404 - Can't find /api/v1/toursghasdasdasd on this server - 
2024-05-24 17:24:35.057 PM - [error] - undefined - undefined - 404 - Can't find /api/v1/toursghasdasdasd on this server - DEV - 
2024-05-24 17:24:39.688 PM - [error] - undefined - undefined - 404 - Can't find /api/v1/tours on this server - 
2024-05-24 17:24:39.689 PM - [error] - undefined - undefined - 404 - Can't find /api/v1/tours on this server - DEV - 
2024-05-24 17:24:51.083 PM - [error] - undefined - undefined - 404 - Can't find /api/v1/toursva on this server - 
2024-05-24 17:24:51.084 PM - [error] - undefined - undefined - 404 - Can't find /api/v1/toursva on this server - DEV - 
2024-05-24 17:25:06.206 PM - [error] - undefined - undefined - 404 - Can't find /api/v1/tours on this server - 
2024-05-24 17:25:13.039 PM - [error] - undefined - undefined - 404 - Can't find /api/v1/toursbasdas on this server - 
2024-05-24 17:25:13.041 PM - [error] - undefined - undefined - 404 - Can't find /api/v1/toursbasdas on this server - DEV - 
2024-05-24 17:25:17.193 PM - [error] - undefined - undefined - 404 - Can't find /api/v1/tours on this server - 
2024-05-24 17:25:17.196 PM - [error] - undefined - undefined - 404 - Can't find /api/v1/tours on this server - DEV - 
2024-05-24 17:25:17.219 PM - [error] - undefined - undefined - 400 - Cannot set headers after they are sent to the client - 
2024-05-24 17:25:24.673 PM - [error] - undefined - undefined - 404 - Can't find /api/v1/toursbasdasdasdasd on this server - 
2024-05-24 17:25:24.674 PM - [error] - undefined - undefined - 404 - Can't find /api/v1/toursbasdasdasdasd on this server - DEV - 
2024-05-24 17:25:26.999 PM - [error] - undefined - undefined - 404 - Can't find /api/v1/tours on this server - 
2024-05-24 17:25:27.000 PM - [error] - undefined - undefined - 404 - Can't find /api/v1/tours on this server - DEV - 
2024-05-24 17:25:27.006 PM - [error] - undefined - undefined - 400 - Cannot set headers after they are sent to the client - 
2024-05-24 17:25:43.983 PM - [error] - undefined - undefined - 404 - Can't find /api/v1/tours on this server - 
2024-05-24 17:25:43.988 PM - [error] - undefined - undefined - 404 - Can't find /api/v1/tours on this server - DEV - 
2024-05-24 17:25:44.004 PM - [error] - undefined - undefined - 400 - Cannot set headers after they are sent to the client - 
2024-05-24 17:25:47.880 PM - [error] - undefined - undefined - 404 - Can't find /api/v1/toursbasdasd on this server - 
2024-05-24 17:25:47.882 PM - [error] - undefined - undefined - 404 - Can't find /api/v1/toursbasdasd on this server - DEV - 
2024-05-24 17:25:55.717 PM - [error] - undefined - undefined - 404 - Can't find /api/v1/tours on this server - 
2024-05-24 17:25:55.723 PM - [error] - undefined - undefined - 404 - Can't find /api/v1/tours on this server - DEV - 
2024-05-24 17:25:55.739 PM - [error] - undefined - undefined - 400 - Cannot set headers after they are sent to the client - 
2024-05-24 17:25:56.957 PM - [error] - undefined - undefined - 404 - Can't find /api/v1/tours on this server - 
2024-05-24 17:25:56.959 PM - [error] - undefined - undefined - 404 - Can't find /api/v1/tours on this server - DEV - 
2024-05-24 17:25:56.981 PM - [error] - undefined - undefined - 400 - Cannot set headers after they are sent to the client - 
2024-05-24 17:26:01.507 PM - [error] - undefined - undefined - 404 - Can't find /api/v1/tours on this server - 
2024-05-24 17:26:01.529 PM - [error] - undefined - undefined - 400 - Cannot set headers after they are sent to the client - 
2024-05-24 17:26:15.598 PM - [error] - undefined - undefined - 404 - Can't find /api/v1/tours on this server - 
2024-05-24 17:26:15.600 PM - [error] - undefined - undefined - 404 - Can't find /api/v1/tours on this server - DEV - 
2024-05-24 17:26:18.844 PM - [error] - undefined - undefined - 404 - Can't find /api/v1/toursbasdasdasd on this server - 
2024-05-24 17:26:18.845 PM - [error] - undefined - undefined - 404 - Can't find /api/v1/toursbasdasdasd on this server - DEV - 
2024-05-24 17:26:28.124 PM - [error] - undefined - undefined - 404 - Can't find /api/v1/toursbasdasdasd on this server - 
2024-05-24 17:26:28.125 PM - [error] - undefined - undefined - 404 - Can't find /api/v1/toursbasdasdasd on this server - DEV - 
2024-05-24 17:27:00.223 PM - [error] - undefined - undefined - 404 - Can't find /api/v1/toursbasdasdasd on this server - DEV - 
2024-05-24 17:29:06.768 PM - [error] - undefined - undefined - 404 - Can't find /api/v1/tours on this server - 
2024-05-24 17:29:06.788 PM - [error] - undefined - undefined - 400 - Cannot set headers after they are sent to the client - 
2024-05-24 17:30:09.746 PM - [error] - undefined - undefined - 404 - Can't find /api/v1/tours on this server - 
2024-05-24 17:30:12.626 PM - [error] - undefined - undefined - 404 - Can't find /api/v1/tours on this server - 
2024-05-24 17:30:12.646 PM - [error] - undefined - undefined - 400 - Cannot set headers after they are sent to the client - 
2024-05-24 17:30:13.642 PM - [error] - undefined - undefined - 404 - Can't find /api/v1/tours on this server - 
2024-05-24 17:30:13.649 PM - [error] - undefined - undefined - 400 - Cannot set headers after they are sent to the client - 
2024-05-24 17:31:39.463 PM - [error] - undefined - undefined - 404 - Can't find /api/v1/tours on this server - 
2024-05-24 17:31:53.755 PM - [error] - undefined - undefined - 404 - Can't find /api/v1/tours on this server - 
2024-05-24 17:31:53.781 PM - [error] - undefined - undefined - 400 - Cannot set headers after they are sent to the client - 
2024-05-24 17:32:00.777 PM - [error] - undefined - undefined - 404 - Can't find /api/v1/tours on this server - 
2024-05-24 17:32:01.927 PM - [error] - undefined - undefined - 404 - Can't find /api/v1/tours on this server - 
2024-05-24 17:32:01.950 PM - [error] - undefined - undefined - 400 - Cannot set headers after they are sent to the client - 
2024-05-24 17:32:03.078 PM - [error] - undefined - undefined - 404 - Can't find /api/v1/tours on this server - 
2024-05-24 17:32:04.009 PM - [error] - undefined - undefined - 404 - Can't find /api/v1/tours on this server - 
2024-05-24 17:32:05.023 PM - [error] - undefined - undefined - 404 - Can't find /api/v1/tours on this server - 
2024-05-24 17:32:05.940 PM - [error] - undefined - undefined - 404 - Can't find /api/v1/tours on this server - 
2024-05-24 17:32:38.940 PM - [error] - undefined - undefined - 400 - Cannot set headers after they are sent to the client - 
2024-05-24 17:32:41.336 PM - [error] - undefined - undefined - 400 - Cannot set headers after they are sent to the client - 
2024-05-24 17:32:42.400 PM - [error] - undefined - undefined - 400 - Cannot set headers after they are sent to the client - 
2024-05-24 17:32:43.299 PM - [error] - undefined - undefined - 400 - Cannot set headers after they are sent to the client - 
2024-05-24 17:32:44.331 PM - [error] - undefined - undefined - 400 - Cannot set headers after they are sent to the client - 
2024-05-24 17:32:45.195 PM - [error] - undefined - undefined - 400 - Cannot set headers after they are sent to the client - 
2024-05-24 17:32:59.686 PM - [error] - undefined - undefined - 404 - Can't find /api/v1/tours on this server - 
2024-05-24 17:32:59.709 PM - [error] - undefined - undefined - 400 - Cannot set headers after they are sent to the client - 
2024-05-24 17:33:01.178 PM - [error] - undefined - undefined - 404 - Can't find /api/v1/tours on this server - 
2024-05-24 17:33:01.186 PM - [error] - undefined - undefined - 400 - Cannot set headers after they are sent to the client - 
2024-05-24 17:33:02.186 PM - [error] - undefined - undefined - 404 - Can't find /api/v1/tours on this server - 
2024-05-24 17:33:02.209 PM - [error] - undefined - undefined - 400 - Cannot set headers after they are sent to the client - 
2024-05-24 17:33:02.897 PM - [error] - undefined - undefined - 404 - Can't find /api/v1/tours on this server - 
2024-05-24 17:33:02.903 PM - [error] - undefined - undefined - 400 - Cannot set headers after they are sent to the client - 
2024-05-24 17:33:15.395 PM - [error] - undefined - undefined - 404 - Can't find /api/v1/tours on this server - 
2024-05-24 17:33:15.417 PM - [error] - undefined - undefined - 400 - Cannot set headers after they are sent to the client - 
2024-05-24 17:33:16.448 PM - [error] - undefined - undefined - 404 - Can't find /api/v1/tours on this server - 
2024-05-24 17:33:16.471 PM - [error] - undefined - undefined - 400 - Cannot set headers after they are sent to the client - 
2024-05-24 17:34:02.378 PM - [error] - undefined - undefined - 404 - Can't find /api/v1/tours on this server - 
2024-05-24 17:34:04.008 PM - [error] - undefined - undefined - 404 - Can't find /api/v1/tours on this server - 
2024-05-24 17:34:04.034 PM - [error] - undefined - undefined - 400 - Cannot set headers after they are sent to the client - 
2024-05-24 17:34:05.222 PM - [error] - undefined - undefined - 404 - Can't find /api/v1/tours on this server - 
2024-05-24 17:34:05.229 PM - [error] - undefined - undefined - 400 - Cannot set headers after they are sent to the client - 
2024-05-24 17:34:06.760 PM - [error] - undefined - undefined - 404 - Can't find /api/v1/tours on this server - 
2024-05-24 17:34:06.786 PM - [error] - undefined - undefined - 400 - Cannot set headers after they are sent to the client - 
2024-05-24 17:34:45.970 PM - [error] - undefined - undefined - 404 - Can't find /api/v1/tours on this server - 
2024-05-24 17:34:45.989 PM - [error] - undefined - undefined - 400 - Cannot set headers after they are sent to the client - 
2024-05-24 17:35:23.241 PM - [error] - undefined - undefined - 404 - Can't find /api/v1/users/login on this server - 
2024-05-24 17:35:31.039 PM - [error] - undefined - undefined - 404 - Can't find /api/v1/tours on this server - 
2024-05-24 17:35:36.462 PM - [error] - undefined - undefined - 404 - Can't find /api/v1/tours on this server - 
2024-05-24 17:35:36.469 PM - [error] - undefined - undefined - 400 - Cannot set headers after they are sent to the client - 
2024-05-24 17:35:37.344 PM - [error] - undefined - undefined - 404 - Can't find /api/v1/tours on this server - 
2024-05-24 17:35:37.353 PM - [error] - undefined - undefined - 400 - Cannot set headers after they are sent to the client - 
2024-05-24 17:35:38.354 PM - [error] - undefined - undefined - 404 - Can't find /api/v1/tours on this server - 
2024-05-24 17:35:38.361 PM - [error] - undefined - undefined - 400 - Cannot set headers after they are sent to the client - 
2024-05-24 17:35:39.311 PM - [error] - undefined - undefined - 404 - Can't find /api/v1/tours on this server - 
2024-05-24 17:35:39.318 PM - [error] - undefined - undefined - 400 - Cannot set headers after they are sent to the client - 
2024-05-24 17:35:40.294 PM - [error] - undefined - undefined - 404 - Can't find /api/v1/tours on this server - 
2024-05-24 17:35:40.300 PM - [error] - undefined - undefined - 400 - Cannot set headers after they are sent to the client - 
2024-05-24 17:35:41.216 PM - [error] - undefined - undefined - 404 - Can't find /api/v1/tours on this server - 
2024-05-24 17:35:41.223 PM - [error] - undefined - undefined - 400 - Cannot set headers after they are sent to the client - 
2024-05-24 17:35:42.131 PM - [error] - undefined - undefined - 404 - Can't find /api/v1/tours on this server - 
2024-05-24 17:35:42.137 PM - [error] - undefined - undefined - 400 - Cannot set headers after they are sent to the client - 
2024-05-24 17:36:03.504 PM - [info] - undefined - undefined - Can't find /api/v1/tours on this server - 
2024-05-24 17:36:03.525 PM - [info] - undefined - undefined - Cannot set headers after they are sent to the client - 
2024-05-24 17:36:04.552 PM - [info] - undefined - undefined - Can't find /api/v1/tours on this server - 
2024-05-24 17:36:04.569 PM - [info] - undefined - undefined - Cannot set headers after they are sent to the client - 
2024-05-24 17:36:05.451 PM - [info] - undefined - undefined - Can't find /api/v1/tours on this server - 
2024-05-24 17:36:05.468 PM - [info] - undefined - undefined - Cannot set headers after they are sent to the client - 
2024-05-24 17:36:06.442 PM - [info] - undefined - undefined - Can't find /api/v1/tours on this server - 
2024-05-24 17:36:06.458 PM - [info] - undefined - undefined - Cannot set headers after they are sent to the client - 
2024-05-24 17:36:08.243 PM - [info] - undefined - undefined - Can't find /api/v1/tours on this server - 
2024-05-24 17:36:08.260 PM - [info] - undefined - undefined - Cannot set headers after they are sent to the client - 
2024-05-24 17:36:09.235 PM - [info] - undefined - undefined - Can't find /api/v1/tours on this server - 
2024-05-24 17:36:09.252 PM - [info] - undefined - undefined - Cannot set headers after they are sent to the client - 
