function createFormatWrap(opts) {
    return new Format(opts);
  } - [error] - undefined - undefined - 404 - Can't find /[object%20Object] on this server - 
function createFormatWrap(opts) {
    return new Format(opts);
  } - [error] - undefined - undefined - 404 - Can't find /[object%20Object] on this server - 
function createFormatWrap(opts) {
    return new Format(opts);
  } - [error] - undefined - undefined - 404 - Can't find /[object%20Object] on this server - 
function createFormatWrap(opts) {
    return new Format(opts);
  } - [error] - undefined - undefined - 404 - Can't find /[object%20Object] on this server - 
function createFormatWrap(opts) {
    return new Format(opts);
  } - [error] - undefined - undefined - 404 - Can't find /[object%20Object] on this server - 
function createFormatWrap(opts) {
    return new Format(opts);
  } - [error] - undefined - undefined - 404 - Can't find /[object%20Object] on this server - 
function createFormatWrap(opts) {
    return new Format(opts);
  } - [error] - undefined - undefined - 404 - Can't find /[object%20Object] on this server - 
function createFormatWrap(opts) {
    return new Format(opts);
  } - [error] - undefined - undefined - 401 - Incorrect email or password - 
function createFormatWrap(opts) {
    return new Format(opts);
  } - [error] - undefined - undefined - 401 - Incorrect email or password - 
function createFormatWrap(opts) {
    return new Format(opts);
  } - [error] - undefined - undefined - 401 - Incorrect email or password - 
function createFormatWrap(opts) {
    return new Format(opts);
  } - [error] - undefined - undefined - 401 - Incorrect email or password - 
function createFormatWrap(opts) {
    return new Format(opts);
  } - [error] - undefined - undefined - 401 - Incorrect email or password - 
function createFormatWrap(opts) {
    return new Format(opts);
  } - [error] - undefined - undefined - 401 - Incorrect email or password - 
function createFormatWrap(opts) {
    return new Format(opts);
  } - [error] - undefined - undefined - 401 - Incorrect email or password - 
function createFormatWrap(opts) {
    return new Format(opts);
  } - [error] - undefined - undefined - 401 - Incorrect email or password - 
function createFormatWrap(opts) {
    return new Format(opts);
  } - [error] - undefined - undefined - 401 - Require login to access - 
function createFormatWrap(opts) {
    return new Format(opts);
  } - [error] - undefined - undefined - 404 - Can't find /favicon.ico on this server - 
function createFormatWrap(opts) {
    return new Format(opts);
  } - [error] - undefined - undefined - 404 - Can't find /login on this server - 
function createFormatWrap(opts) {
    return new Format(opts);
  } - [error] - undefined - undefined - 404 - Can't find /img/users/undefined on this server - 
function createFormatWrap(opts) {
    return new Format(opts);
  } - [error] - undefined - undefined - 404 - Can't find /login on this server - 
function createFormatWrap(opts) {
    return new Format(opts);
  } - [error] - undefined - undefined - 404 - Can't find /login on this server - 
function createFormatWrap(opts) {
    return new Format(opts);
  } - [error] - undefined - undefined - 404 - Can't find /login on this server - 
function createFormatWrap(opts) {
    return new Format(opts);
  } - [error] - undefined - undefined - 404 - Can't find /me on this server - 
function createFormatWrap(opts) {
    return new Format(opts);
  } - [error] - undefined - undefined - 404 - Can't find /login on this server - 
