2024-05-30 11:26:37.526 AM - [error] - undefined - undefined - 404 - Can't find /img/tour-1-cover.jpg on this server - 
2024-05-30 11:27:10.486 AM - [error] - undefined - undefined - 404 - Can't find /img/tour-1-cover.jpg on this server - 
2024-05-30 11:27:22.885 AM - [error] - undefined - undefined - 404 - Can't find /img/tour-1-cover.jpg on this server - 
2024-05-30 11:28:12.271 AM - [error] - undefined - undefined - 404 - Can't find /img/tour-1-cover.jpg on this server - 
2024-05-30 11:32:42.653 AM - [error] - undefined - undefined - 404 - Can't find /favicon.ico on this server - 
2024-05-30 11:43:33.793 AM - [error] - undefined - undefined - 404 - Can't find /img/undefined on this server - 
2024-05-30 11:43:33.843 AM - [error] - undefined - undefined - 404 - Can't find /img/undefined on this server - 
2024-05-30 11:43:48.625 AM - [error] - undefined - undefined - 404 - Can't find /img/tours/undefined on this server - 
2024-05-30 11:43:48.666 AM - [error] - undefined - undefined - 404 - Can't find /img/tours/undefined on this server - 
2024-05-30 11:44:10.158 AM - [error] - undefined - undefined - 404 - Can't find /public/img/tours/undefined on this server - 
2024-05-30 11:44:10.205 AM - [error] - undefined - undefined - 404 - Can't find /public/img/tours/undefined on this server - 
2024-05-30 11:44:23.013 AM - [error] - undefined - undefined - 404 - Can't find /img/tours/undefined on this server - 
2024-05-30 11:44:23.057 AM - [error] - undefined - undefined - 404 - Can't find /img/tours/undefined on this server - 
2024-05-30 11:44:38.474 AM - [error] - undefined - undefined - 404 - Can't find /img/tours/undefined on this server - 
2024-05-30 17:03:14.876 PM - [error] - undefined - undefined - 404 - Can't find /tours/the-snow-adventurer on this server - 
2024-05-30 17:11:15.441 PM - [error] - undefined - undefined - 404 - Can't find /tours/the-city-wanderer on this server - 
2024-05-30 17:11:32.967 PM - [error] - undefined - undefined - 404 - Can't find /tours/css/style.css on this server - 
2024-05-30 17:11:32.976 PM - [error] - undefined - undefined - 404 - Can't find /tours/img/logo-white.png on this server - 
2024-05-30 17:11:32.979 PM - [error] - undefined - undefined - 404 - Can't find /tours/img/logo-green.png on this server - 
2024-05-30 17:11:34.490 PM - [error] - undefined - undefined - 404 - Can't find /tours/img/favicon.png on this server - 
2024-05-30 17:12:46.079 PM - [error] - undefined - undefined - 400 - Tour.findByName is not a function - 
2024-05-30 17:13:53.341 PM - [error] - undefined - undefined - 400 - Tour.findByName is not a function - 
2024-05-30 17:14:19.725 PM - [error] - undefined - undefined - 400 - Tour.findByName is not a function - 
2024-05-30 17:15:20.412 PM - [error] - undefined - undefined - 404 - Can't find /tours/css/style.css on this server - 
2024-05-30 17:15:20.419 PM - [error] - undefined - undefined - 404 - Can't find /tours/img/logo-white.png on this server - 
2024-05-30 17:15:20.422 PM - [error] - undefined - undefined - 404 - Can't find /tours/img/logo-green.png on this server - 
2024-05-30 17:16:37.298 PM - [error] - undefined - undefined - 404 - Can't find /tours/css/style.css on this server - 
2024-05-30 17:16:37.306 PM - [error] - undefined - undefined - 404 - Can't find /tours/img/logo-white.png on this server - 
2024-05-30 17:16:37.311 PM - [error] - undefined - undefined - 404 - Can't find /tours/img/logo-green.png on this server - 
2024-05-30 17:22:57.155 PM - [error] - undefined - undefined - 404 - Can't find /tours/css/style.css on this server - 
2024-05-30 17:22:57.162 PM - [error] - undefined - undefined - 404 - Can't find /tours/img/tour-1-cover.jpg on this server - 
2024-05-30 17:22:57.166 PM - [error] - undefined - undefined - 404 - Can't find /tours/img/logo-white.png on this server - 
2024-05-30 17:22:57.187 PM - [error] - undefined - undefined - 404 - Can't find /tours/img/logo-green.png on this server - 
2024-05-30 17:22:57.192 PM - [error] - undefined - undefined - 404 - Can't find /tours/img/icons.svg on this server - 
2024-05-30 17:23:54.062 PM - [error] - undefined - undefined - 404 - Can't find /tour/css/style.css on this server - 
2024-05-30 17:23:54.071 PM - [error] - undefined - undefined - 404 - Can't find /tour/img/logo-white.png on this server - 
2024-05-30 17:23:54.073 PM - [error] - undefined - undefined - 404 - Can't find /tour/img/tour-1-cover.jpg on this server - 
2024-05-30 17:23:54.086 PM - [error] - undefined - undefined - 404 - Can't find /tour/img/logo-green.png on this server - 
2024-05-30 17:23:54.092 PM - [error] - undefined - undefined - 404 - Can't find /tour/img/icons.svg on this server - 
2024-05-30 17:23:55.634 PM - [error] - undefined - undefined - 404 - Can't find /tour/img/favicon.png on this server - 
2024-05-30 17:25:28.789 PM - [error] - undefined - undefined - 404 - Can't find /tour/img/logo-white.png on this server - 
2024-05-30 17:25:28.793 PM - [error] - undefined - undefined - 404 - Can't find /tour/img/tour-1-cover.jpg on this server - 
2024-05-30 17:25:28.818 PM - [error] - undefined - undefined - 404 - Can't find /tour/img/logo-green.png on this server - 
2024-05-30 17:25:28.826 PM - [error] - undefined - undefined - 404 - Can't find /tour/img/icons.svg on this server - 
2024-05-30 17:25:52.260 PM - [error] - undefined - undefined - 404 - Can't find /tour/img/logo-white.png on this server - 
2024-05-30 17:25:52.262 PM - [error] - undefined - undefined - 404 - Can't find /tour/img/tour-1-cover.jpg on this server - 
2024-05-30 17:25:52.279 PM - [error] - undefined - undefined - 404 - Can't find /tour/img/logo-green.png on this server - 
2024-05-30 17:25:52.284 PM - [error] - undefined - undefined - 404 - Can't find /tour/img/icons.svg on this server - 
2024-05-30 17:26:15.562 PM - [error] - undefined - undefined - 404 - Can't find /tour/img/logo-white.png on this server - 
2024-05-30 17:26:15.564 PM - [error] - undefined - undefined - 404 - Can't find /img/tour-1-cover.jpg on this server - 
2024-05-30 17:26:15.595 PM - [error] - undefined - undefined - 404 - Can't find /tour/img/logo-green.png on this server - 
2024-05-30 17:26:54.531 PM - [error] - undefined - undefined - 404 - Can't find /img/tour-1-cover.jpg on this server - 
