function createFormatWrap(opts) {
    return new Format(opts);
  } - [error] - undefined - undefined - 401 - Require login to access - 
function createFormatWrap(opts) {
    return new Format(opts);
  } - [error] - undefined - undefined - 401 - Require login to access - 
function createFormatWrap(opts) {
    return new Format(opts);
  } - [error] - undefined - undefined - 401 - Require login to access - 
function createFormatWrap(opts) {
    return new Format(opts);
  } - [error] - undefined - undefined - 401 - Require login to access - 
function createFormatWrap(opts) {
    return new Format(opts);
  } - [error] - undefined - undefined - 400 - Class constructor AppError cannot be invoked without 'new' - 
function createFormatWrap(opts) {
    return new Format(opts);
  } - [error] - undefined - undefined - 400 - Class constructor AppError cannot be invoked without 'new' - 
function createFormatWrap(opts) {
    return new Format(opts);
  } - [error] - undefined - undefined - 404 - There is no tour with that name - 
function createFormatWrap(opts) {
    return new Format(opts);
  } - [error] - undefined - undefined - 404 - There is no tour with that name - 
function createFormatWrap(opts) {
    return new Format(opts);
  } - [error] - undefined - undefined - 404 - There is no tour with that name - 
function createFormatWrap(opts) {
    return new Format(opts);
  } - [error] - undefined - undefined - 404 - There is no tour with that name - 
function createFormatWrap(opts) {
    return new Format(opts);
  } - [error] - undefined - undefined - 404 - There is no tour with that name - 
function createFormatWrap(opts) {
    return new Format(opts);
  } - [error] - undefined - undefined - 404 - There is no tour with that name - 
function createFormatWrap(opts) {
    return new Format(opts);
  } - [error] - undefined - undefined - 404 - There is no tour with that name - 
function createFormatWrap(opts) {
    return new Format(opts);
  } - [error] - undefined - undefined - 404 - There is no tour with that name - 
function createFormatWrap(opts) {
    return new Format(opts);
  } - [error] - undefined - undefined - 404 - There is no tour with that name - 
function createFormatWrap(opts) {
    return new Format(opts);
  } - [error] - undefined - undefined - 404 - There is no tour with that name - 
function createFormatWrap(opts) {
    return new Format(opts);
  } - [error] - undefined - undefined - 401 - Incorrect email or password! - 
function createFormatWrap(opts) {
    return new Format(opts);
  } - [error] - undefined - undefined - 404 - There is no tour with that name - 
function createFormatWrap(opts) {
    return new Format(opts);
  } - [error] - undefined - undefined - 404 - Can't find /bundle.js.map on this server - 
function createFormatWrap(opts) {
    return new Format(opts);
  } - [error] - undefined - undefined - 404 - There is no tour with that name - 
function createFormatWrap(opts) {
    return new Format(opts);
  } - [error] - undefined - undefined - 404 - Can't find /bundle.js.map on this server - 
function createFormatWrap(opts) {
    return new Format(opts);
  } - [error] - undefined - undefined - 404 - There is no tour with that name - 
function createFormatWrap(opts) {
    return new Format(opts);
  } - [error] - undefined - undefined - 404 - Can't find /bundle.js.map on this server - 
function createFormatWrap(opts) {
    return new Format(opts);
  } - [error] - undefined - undefined - 404 - Can't find /bundle.js.map on this server - 
function createFormatWrap(opts) {
    return new Format(opts);
  } - [error] - undefined - undefined - 404 - Can't find /bundle.js.map on this server - 
