function createFormatWrap(opts) {
    return new Format(opts);
  } - [error] - undefined - undefined - 404 - Can't find /img/users/user-66601c522365d8427c081086-1718780526717.jpeg on this server - 
function createFormatWrap(opts) {
    return new Format(opts);
  } - [error] - undefined - undefined - 404 - Can't find /img/users/user-66601c522365d8427c081086-1718780526717.jpeg on this server - 
function createFormatWrap(opts) {
    return new Format(opts);
  } - [error] - undefined - undefined - 404 - Can't find /img/users/user-66601c522365d8427c081086-1718780526717.jpeg on this server - 
function createFormatWrap(opts) {
    return new Format(opts);
  } - [error] - undefined - undefined - 404 - Can't find /bundle.js.map on this server - 
function createFormatWrap(opts) {
    return new Format(opts);
  } - [error] - undefined - undefined - 404 - Can't find /bundle.js.map on this server - 
function createFormatWrap(opts) {
    return new Format(opts);
  } - [error] - undefined - undefined - 404 - Can't find /bundle.js.map on this server - 
function createFormatWrap(opts) {
    return new Format(opts);
  } - [error] - undefined - undefined - 404 - Can't find /img/users/user-66601c522365d8427c081086-1718780526717.jpeg on this server - 
function createFormatWrap(opts) {
    return new Format(opts);
  } - [error] - undefined - undefined - 404 - Can't find /bundle.js.map on this server - 
function createFormatWrap(opts) {
    return new Format(opts);
  } - [error] - undefined - undefined - 404 - Can't find /img/users/user-66601c522365d8427c081086-1718780526717.jpeg on this server - 
function createFormatWrap(opts) {
    return new Format(opts);
  } - [error] - undefined - undefined - 404 - Can't find /bundle.js.map on this server - 
function createFormatWrap(opts) {
    return new Format(opts);
  } - [error] - undefined - undefined - 404 - Can't find /img/users/user-66601c522365d8427c081086-1718780526717.jpeg on this server - 
function createFormatWrap(opts) {
    return new Format(opts);
  } - [error] - undefined - undefined - 404 - Can't find /bundle.js.map on this server - 
function createFormatWrap(opts) {
    return new Format(opts);
  } - [error] - undefined - undefined - 404 - Can't find /img/users/user-66601c522365d8427c081086-1718780526717.jpeg on this server - 
function createFormatWrap(opts) {
    return new Format(opts);
  } - [error] - undefined - undefined - 404 - Can't find /img/users/user-66601c522365d8427c081086-1718780526717.jpeg on this server - 
function createFormatWrap(opts) {
    return new Format(opts);
  } - [error] - undefined - undefined - 404 - Can't find /bundle.js.map on this server - 
function createFormatWrap(opts) {
    return new Format(opts);
  } - [error] - undefined - undefined - 404 - Can't find /bundle.js.map on this server - 
function createFormatWrap(opts) {
    return new Format(opts);
  } - [error] - undefined - undefined - 404 - Can't find /img/users/user-66601c522365d8427c081086-1718780526717.jpeg on this server - 
function createFormatWrap(opts) {
    return new Format(opts);
  } - [error] - undefined - undefined - 404 - Can't find /bundle.js.map on this server - 
function createFormatWrap(opts) {
    return new Format(opts);
  } - [error] - undefined - undefined - 404 - Can't find /bundle.js.map on this server - 
function createFormatWrap(opts) {
    return new Format(opts);
  } - [error] - undefined - undefined - 404 - Can't find /img/users/user-66601c522365d8427c081086-1718780526717.jpeg on this server - 
function createFormatWrap(opts) {
    return new Format(opts);
  } - [error] - undefined - undefined - 404 - Can't find /bundle.js.map on this server - 
function createFormatWrap(opts) {
    return new Format(opts);
  } - [error] - undefined - undefined - 404 - Can't find /img/users/user-66601c522365d8427c081086-1718780526717.jpeg on this server - 
function createFormatWrap(opts) {
    return new Format(opts);
  } - [error] - undefined - undefined - 404 - Can't find /bundle.js.map on this server - 
function createFormatWrap(opts) {
    return new Format(opts);
  } - [error] - undefined - undefined - 404 - Can't find /img/users/user-66601c522365d8427c081086-1718780526717.jpeg on this server - 
function createFormatWrap(opts) {
    return new Format(opts);
  } - [error] - undefined - undefined - 404 - Can't find /img/users/user-66601c522365d8427c081086-1718780526717.jpeg on this server - 
function createFormatWrap(opts) {
    return new Format(opts);
  } - [error] - undefined - undefined - 404 - Can't find /bundle.js.map on this server - 
function createFormatWrap(opts) {
    return new Format(opts);
  } - [error] - undefined - undefined - 404 - Can't find /bundle.js.map on this server - 
function createFormatWrap(opts) {
    return new Format(opts);
  } - [error] - undefined - undefined - 404 - Can't find /bundle.js.map on this server - 
function createFormatWrap(opts) {
    return new Format(opts);
  } - [error] - undefined - undefined - 404 - Can't find /img/users/user-66601c522365d8427c081086-1718780526717.jpeg on this server - 
function createFormatWrap(opts) {
    return new Format(opts);
  } - [error] - undefined - undefined - 404 - Can't find /bundle.js.map on this server - 
function createFormatWrap(opts) {
    return new Format(opts);
  } - [error] - undefined - undefined - 404 - Can't find /img/users/user-66601c522365d8427c081086-1718780526717.jpeg on this server - 
function createFormatWrap(opts) {
    return new Format(opts);
  } - [error] - undefined - undefined - 404 - Can't find /bundle.js.map on this server - 
function createFormatWrap(opts) {
    return new Format(opts);
  } - [error] - undefined - undefined - 404 - Can't find /img/users/user-66601c522365d8427c081086-1718780526717.jpeg on this server - 
function createFormatWrap(opts) {
    return new Format(opts);
  } - [error] - undefined - undefined - 404 - Can't find /bundle.js.map on this server - 
function createFormatWrap(opts) {
    return new Format(opts);
  } - [error] - undefined - undefined - 404 - Can't find /img/users/user-66601c522365d8427c081086-1718780526717.jpeg on this server - 
function createFormatWrap(opts) {
    return new Format(opts);
  } - [error] - undefined - undefined - 404 - Can't find /bundle.js.map on this server - 
function createFormatWrap(opts) {
    return new Format(opts);
  } - [error] - undefined - undefined - 404 - Can't find /img/users/user-66601c522365d8427c081086-1718780526717.jpeg on this server - 
function createFormatWrap(opts) {
    return new Format(opts);
  } - [error] - undefined - undefined - 404 - Can't find /bundle.js.map on this server - 
function createFormatWrap(opts) {
    return new Format(opts);
  } - [error] - undefined - undefined - 404 - Can't find /img/users/user-66601c522365d8427c081086-1718780526717.jpeg on this server - 
function createFormatWrap(opts) {
    return new Format(opts);
  } - [error] - undefined - undefined - 404 - Can't find /img/users/user-66601c522365d8427c081086-1718780526717.jpeg on this server - 
function createFormatWrap(opts) {
    return new Format(opts);
  } - [error] - undefined - undefined - 404 - Can't find /bundle.js.map on this server - 
function createFormatWrap(opts) {
    return new Format(opts);
  } - [error] - undefined - undefined - 404 - Can't find /img/users/user-66601c522365d8427c081086-1718780526717.jpeg on this server - 
function createFormatWrap(opts) {
    return new Format(opts);
  } - [error] - undefined - undefined - 404 - Can't find /bundle.js.map on this server - 
function createFormatWrap(opts) {
    return new Format(opts);
  } - [error] - undefined - undefined - 404 - Can't find /img/users/user-66601c522365d8427c081086-1718780526717.jpeg on this server - 
function createFormatWrap(opts) {
    return new Format(opts);
  } - [error] - undefined - undefined - 404 - Can't find /bundle.js.map on this server - 
function createFormatWrap(opts) {
    return new Format(opts);
  } - [error] - undefined - undefined - 404 - Can't find /img/users/user-66601c522365d8427c081086-1718780526717.jpeg on this server - 
function createFormatWrap(opts) {
    return new Format(opts);
  } - [error] - undefined - undefined - 404 - Can't find /bundle.js.map on this server - 
function createFormatWrap(opts) {
    return new Format(opts);
  } - [error] - undefined - undefined - 404 - Can't find /img/users/user-66601c522365d8427c081086-1718780526717.jpeg on this server - 
function createFormatWrap(opts) {
    return new Format(opts);
  } - [error] - undefined - undefined - 404 - Can't find /bundle.js.map on this server - 
function createFormatWrap(opts) {
    return new Format(opts);
  } - [error] - undefined - undefined - 404 - Can't find /img/users/user-66601c522365d8427c081086-1718780526717.jpeg on this server - 
function createFormatWrap(opts) {
    return new Format(opts);
  } - [error] - undefined - undefined - 404 - Can't find /bundle.js.map on this server - 
function createFormatWrap(opts) {
    return new Format(opts);
  } - [error] - undefined - undefined - 404 - Can't find /img/users/user-66601c522365d8427c081086-1718780526717.jpeg on this server - 
function createFormatWrap(opts) {
    return new Format(opts);
  } - [error] - undefined - undefined - 404 - Can't find /bundle.js.map on this server - 
function createFormatWrap(opts) {
    return new Format(opts);
  } - [error] - undefined - undefined - 404 - No document founded with ID 668cfb11a275bf629ccb1353 - 
function createFormatWrap(opts) {
    return new Format(opts);
  } - [error] - undefined - undefined - 404 - Can't find /css/style.css on this server - 
function createFormatWrap(opts) {
    return new Format(opts);
  } - [error] - undefined - undefined - 404 - Can't find /img/logo-white.png on this server - 
function createFormatWrap(opts) {
    return new Format(opts);
  } - [error] - undefined - undefined - 404 - Can't find /img/users/user-66601c522365d8427c081086-1718780526717.jpeg on this server - 
function createFormatWrap(opts) {
    return new Format(opts);
  } - [error] - undefined - undefined - 404 - Can't find /img/logo-green.png on this server - 
function createFormatWrap(opts) {
    return new Format(opts);
  } - [error] - undefined - undefined - 404 - Can't find /js/bundle.js on this server - 
function createFormatWrap(opts) {
    return new Format(opts);
  } - [error] - undefined - undefined - 404 - Can't find /img/icons.svg on this server - 
function createFormatWrap(opts) {
    return new Format(opts);
  } - [error] - undefined - undefined - 404 - Can't find /img/favicon.png on this server - 
function createFormatWrap(opts) {
    return new Format(opts);
  } - [error] - undefined - undefined - 404 - Can't find /css/style.css on this server - 
function createFormatWrap(opts) {
    return new Format(opts);
  } - [error] - undefined - undefined - 404 - Can't find /img/users/user-66601c522365d8427c081086-1718780526717.jpeg on this server - 
function createFormatWrap(opts) {
    return new Format(opts);
  } - [error] - undefined - undefined - 404 - Can't find /img/logo-white.png on this server - 
function createFormatWrap(opts) {
    return new Format(opts);
  } - [error] - undefined - undefined - 404 - Can't find /img/logo-green.png on this server - 
function createFormatWrap(opts) {
    return new Format(opts);
  } - [error] - undefined - undefined - 404 - Can't find /js/bundle.js on this server - 
function createFormatWrap(opts) {
    return new Format(opts);
  } - [error] - undefined - undefined - 404 - Can't find /img/icons.svg on this server - 
function createFormatWrap(opts) {
    return new Format(opts);
  } - [error] - undefined - undefined - 404 - Can't find /img/users/user-66601c522365d8427c081086-1718780526717.jpeg on this server - 
function createFormatWrap(opts) {
    return new Format(opts);
  } - [error] - undefined - undefined - 404 - Can't find /bundle.js.map on this server - 
function createFormatWrap(opts) {
    return new Format(opts);
  } - [error] - undefined - undefined - 404 - Can't find /tour/css/style.css on this server - 
function createFormatWrap(opts) {
    return new Format(opts);
  } - [error] - undefined - undefined - 404 - Can't find /img/users/user-66601c522365d8427c081086-1718780526717.jpeg on this server - 
function createFormatWrap(opts) {
    return new Format(opts);
  } - [error] - undefined - undefined - 404 - Can't find /bundle.js.map on this server - 
function createFormatWrap(opts) {
    return new Format(opts);
  } - [error] - undefined - undefined - 404 - Can't find /tour/css/style.css on this server - 
function createFormatWrap(opts) {
    return new Format(opts);
  } - [error] - undefined - undefined - 404 - Can't find /img/users/user-66601c522365d8427c081086-1718780526717.jpeg on this server - 
function createFormatWrap(opts) {
    return new Format(opts);
  } - [error] - undefined - undefined - 404 - Can't find /bundle.js.map on this server - 
function createFormatWrap(opts) {
    return new Format(opts);
  } - [error] - undefined - undefined - 404 - Can't find /img/users/user-66601c522365d8427c081086-1718780526717.jpeg on this server - 
function createFormatWrap(opts) {
    return new Format(opts);
  } - [error] - undefined - undefined - 404 - Can't find /bundle.js.map on this server - 
function createFormatWrap(opts) {
    return new Format(opts);
  } - [error] - undefined - undefined - 404 - Can't find /img/users/user-66601c522365d8427c081086-1718780526717.jpeg on this server - 
function createFormatWrap(opts) {
    return new Format(opts);
  } - [error] - undefined - undefined - 404 - Can't find /img/users/user-66601c522365d8427c081086-1718780526717.jpeg on this server - 
function createFormatWrap(opts) {
    return new Format(opts);
  } - [error] - undefined - undefined - 404 - Can't find /bundle.js.map on this server - 
function createFormatWrap(opts) {
    return new Format(opts);
  } - [error] - undefined - undefined - 404 - Can't find /bundle.js.map on this server - 
function createFormatWrap(opts) {
    return new Format(opts);
  } - [error] - undefined - undefined - 404 - Can't find /bundle.js.map on this server - 
function createFormatWrap(opts) {
    return new Format(opts);
  } - [error] - undefined - undefined - 404 - Can't find /bundle.js.map on this server - 
function createFormatWrap(opts) {
    return new Format(opts);
  } - [error] - undefined - undefined - 404 - Can't find /img/users/user-66601c522365d8427c081086-1718780526717.jpeg on this server - 
function createFormatWrap(opts) {
    return new Format(opts);
  } - [error] - undefined - undefined - 404 - Can't find /bundle.js.map on this server - 
function createFormatWrap(opts) {
    return new Format(opts);
  } - [error] - undefined - undefined - 404 - Can't find /img/users/user-66601c522365d8427c081086-1718780526717.jpeg on this server - 
function createFormatWrap(opts) {
    return new Format(opts);
  } - [error] - undefined - undefined - 404 - Can't find /img/users/user-66601c522365d8427c081086-1718780526717.jpeg on this server - 
function createFormatWrap(opts) {
    return new Format(opts);
  } - [error] - undefined - undefined - 404 - Can't find /bundle.js.map on this server - 
function createFormatWrap(opts) {
    return new Format(opts);
  } - [error] - undefined - undefined - 404 - Can't find /bundle.js.map on this server - 
function createFormatWrap(opts) {
    return new Format(opts);
  } - [error] - undefined - undefined - 404 - Can't find /bundle.js.map on this server - 
function createFormatWrap(opts) {
    return new Format(opts);
  } - [error] - undefined - undefined - 404 - Can't find /bundle.js.map on this server - 
function createFormatWrap(opts) {
    return new Format(opts);
  } - [error] - undefined - undefined - 404 - Can't find /bundle.js.map on this server - 
function createFormatWrap(opts) {
    return new Format(opts);
  } - [error] - undefined - undefined - 404 - Can't find /bundle.js.map on this server - 
function createFormatWrap(opts) {
    return new Format(opts);
  } - [error] - undefined - undefined - 404 - Can't find /bundle.js.map on this server - 
