function createFormatWrap(opts) {
    return new Format(opts);
  } - [error] - undefined - undefined - 404 - Can't find /img/users/user-66601c522365d8427c081086-1718780526717.jpeg on this server - 
function createFormatWrap(opts) {
    return new Format(opts);
  } - [error] - undefined - undefined - 400 - /public/img/users/user-66601c522365d8427c081086-1720600881227.jpeg: unable to open for write
windows error: The system cannot find the file specified. - 
function createFormatWrap(opts) {
    return new Format(opts);
  } - [error] - undefined - undefined - 404 - Can't find /bundle.js.map on this server - 
function createFormatWrap(opts) {
    return new Format(opts);
  } - [error] - undefined - undefined - 404 - Can't find /bundle.js.map on this server - 
function createFormatWrap(opts) {
    return new Format(opts);
  } - [error] - undefined - undefined - 400 - /public/img/users/user-66601c522365d8427c081086-1720600953079.jpeg: unable to open for write
windows error: The system cannot find the file specified. - 
function createFormatWrap(opts) {
    return new Format(opts);
  } - [error] - undefined - undefined - 404 - Can't find /bundle.js.map on this server - 
function createFormatWrap(opts) {
    return new Format(opts);
  } - [error] - undefined - undefined - 400 - /public/img/users/user-66601c522365d8427c081086-1720604057681.jpeg: unable to open for write
windows error: The system cannot find the file specified. - 
function createFormatWrap(opts) {
    return new Format(opts);
  } - [error] - undefined - undefined - 404 - Can't find /bundle.js.map on this server - 
function createFormatWrap(opts) {
    return new Format(opts);
  } - [error] - undefined - undefined - 400 - /public/img/users/user-66601c522365d8427c081086-1720605162981.jpeg: unable to open for write
windows error: The system cannot find the file specified. - 
function createFormatWrap(opts) {
    return new Format(opts);
  } - [error] - undefined - undefined - 404 - Can't find /bundle.js.map on this server - 
function createFormatWrap(opts) {
    return new Format(opts);
  } - [error] - undefined - undefined - 400 - /public/img/users/user-66601c522365d8427c081086-1720605196068.jpeg: unable to open for write
windows error: The system cannot find the file specified. - 
function createFormatWrap(opts) {
    return new Format(opts);
  } - [error] - undefined - undefined - 404 - Can't find /bundle.js.map on this server - 
function createFormatWrap(opts) {
    return new Format(opts);
  } - [error] - undefined - undefined - 400 - /public/img/users/user-66601c522365d8427c081086-1720605249242.jpeg: unable to open for write
windows error: The system cannot find the file specified. - 
function createFormatWrap(opts) {
    return new Format(opts);
  } - [error] - undefined - undefined - 404 - Can't find /bundle.js.map on this server - 
function createFormatWrap(opts) {
    return new Format(opts);
  } - [error] - undefined - undefined - 400 - /public/img/users/user-66601c522365d8427c081086-1720605296621.jpeg: unable to open for write
windows error: The system cannot find the file specified. - 
function createFormatWrap(opts) {
    return new Format(opts);
  } - [error] - undefined - undefined - 404 - Can't find /bundle.js.map on this server - 
function createFormatWrap(opts) {
    return new Format(opts);
  } - [error] - undefined - undefined - 404 - Can't find /bundle.js.map on this server - 
