2024-05-21 16:45:06.237 PM - [error] - undefined - undefined - 404 - Can't find /api/v1/usersasdasd on this server - 
2024-05-21 16:49:32.085 PM - [error] - undefined - undefined - 400 - Cannot create property 'Symbol(level)' on string '200 - undefined' - 
2024-05-21 16:49:44.617 PM - [error] - undefined - undefined - 400 - Cannot create property 'Symbol(level)' on string '200 - undefined' - 
2024-05-21 16:56:29.476 PM - [error] - undefined - undefined - 401 - Incorrect email or password - 
2024-05-21 16:56:33.624 PM - [error] - undefined - undefined - 401 - Incorrect email or password - 
2024-05-21 16:56:57.780 PM - [error] - undefined - undefined - 401 - Incorrect email or password - 
2024-05-21 17:08:36.474 PM - [error] - undefined - undefined - 401 - Incorrect email or password - 
2024-05-21 17:08:43.275 PM - [error] - undefined - undefined - 401 - Incorrect email or password - 
2024-05-21 17:09:48.394 PM - [error] - undefined - undefined - 404 - Can't find /api/v1/users/login on this server - 
2024-05-21 17:11:44.793 PM - [error] - undefined - undefined - 400 - webhookController.sendToDiscord is not a function - 
2024-05-21 17:13:18.602 PM - [error] - undefined - undefined - 404 - Can't find /api/v1/users/login on this server - 
2024-05-21 17:22:39.769 PM - [error] - undefined - undefined - 401 - Incorrect email or password - 
2024-05-21 17:22:46.123 PM - [error] - undefined - undefined - 401 - Incorrect email or password - 
2024-05-21 17:22:47.117 PM - [error] - undefined - undefined - 401 - Incorrect email or password - 
2024-05-21 17:22:47.938 PM - [error] - undefined - undefined - 401 - Incorrect email or password - 
2024-05-21 17:22:48.753 PM - [error] - undefined - undefined - 401 - Incorrect email or password - 
2024-05-21 17:22:49.687 PM - [error] - undefined - undefined - 401 - Incorrect email or password - 
2024-05-21 17:22:50.437 PM - [error] - undefined - undefined - 401 - Incorrect email or password - 
2024-05-21 17:22:51.334 PM - [error] - undefined - undefined - 401 - Incorrect email or password - 
2024-05-21 17:22:52.284 PM - [error] - undefined - undefined - 401 - Incorrect email or password - 
2024-05-21 17:22:53.070 PM - [error] - undefined - undefined - 401 - Incorrect email or password - 
2024-05-21 17:23:05.186 PM - [error] - undefined - undefined - 401 - Incorrect email or password - 
2024-05-21 17:23:06.077 PM - [error] - undefined - undefined - 401 - Incorrect email or password - 
2024-05-21 17:23:06.881 PM - [error] - undefined - undefined - 401 - Incorrect email or password - 
2024-05-21 17:23:07.482 PM - [error] - undefined - undefined - 401 - Incorrect email or password - 
2024-05-21 17:23:08.350 PM - [error] - undefined - undefined - 401 - Incorrect email or password - 
2024-05-21 17:23:08.968 PM - [error] - undefined - undefined - 401 - Incorrect email or password - 
2024-05-21 17:23:09.795 PM - [error] - undefined - undefined - 401 - Incorrect email or password - 
2024-05-21 17:23:10.612 PM - [error] - undefined - undefined - 401 - Incorrect email or password - 
2024-05-21 17:23:11.347 PM - [error] - undefined - undefined - 401 - Incorrect email or password - 
2024-05-21 17:23:12.344 PM - [error] - undefined - undefined - 401 - Incorrect email or password - 
2024-05-21 17:23:51.213 PM - [error] - undefined - undefined - 401 - Incorrect email or password - 
2024-05-21 17:23:52.109 PM - [error] - undefined - undefined - 401 - Incorrect email or password - 
2024-05-21 17:23:52.938 PM - [error] - undefined - undefined - 401 - Incorrect email or password - 
2024-05-21 17:23:53.780 PM - [error] - undefined - undefined - 401 - Incorrect email or password - 
2024-05-21 17:23:54.669 PM - [error] - undefined - undefined - 401 - Incorrect email or password - 
2024-05-21 17:23:55.255 PM - [error] - undefined - undefined - 401 - Incorrect email or password - 
2024-05-21 17:23:56.073 PM - [error] - undefined - undefined - 401 - Incorrect email or password - 
2024-05-21 17:23:56.950 PM - [error] - undefined - undefined - 401 - Incorrect email or password - 
2024-05-21 17:23:57.850 PM - [error] - undefined - undefined - 401 - Incorrect email or password - 
2024-05-21 17:25:17.424 PM - [error] - undefined - undefined - 401 - Incorrect email or password - 
2024-05-21 17:25:18.316 PM - [error] - undefined - undefined - 401 - Incorrect email or password - 
2024-05-21 17:25:19.111 PM - [error] - undefined - undefined - 401 - Incorrect email or password - 
2024-05-21 17:25:20.055 PM - [error] - undefined - undefined - 401 - Incorrect email or password - 
2024-05-21 17:25:20.626 PM - [error] - undefined - undefined - 401 - Incorrect email or password - 
2024-05-21 17:25:21.720 PM - [error] - undefined - undefined - 401 - Incorrect email or password - 
2024-05-21 17:25:22.707 PM - [error] - undefined - undefined - 401 - Incorrect email or password - 
2024-05-21 17:25:23.759 PM - [error] - undefined - undefined - 401 - Incorrect email or password - 
2024-05-21 17:26:52.640 PM - [error] - undefined - undefined - 401 - Incorrect email or password - 
2024-05-21 17:26:53.602 PM - [error] - undefined - undefined - 401 - Incorrect email or password - 
2024-05-21 17:26:54.542 PM - [error] - undefined - undefined - 401 - Incorrect email or password - 
2024-05-21 17:26:55.325 PM - [error] - undefined - undefined - 401 - Incorrect email or password - 
2024-05-21 17:26:56.290 PM - [error] - undefined - undefined - 401 - Incorrect email or password - 
2024-05-21 17:26:57.236 PM - [error] - undefined - undefined - 401 - Incorrect email or password - 
2024-05-21 17:26:58.100 PM - [error] - undefined - undefined - 401 - Incorrect email or password - 
2024-05-21 17:26:58.937 PM - [error] - undefined - undefined - 401 - Incorrect email or password - 
2024-05-21 17:26:59.927 PM - [error] - undefined - undefined - 401 - Incorrect email or password - 
2024-05-21 17:27:41.156 PM - [error] - undefined - undefined - 401 - Incorrect email or password - 
2024-05-21 17:32:19.139 PM - [error] - undefined - undefined - 400 - Cannot read properties of null (reading 'correctPassword') - 
2024-05-21 17:33:00.196 PM - [error] - undefined - undefined - 400 - Cannot read properties of null (reading 'correctPassword') - 
2024-05-21 17:33:58.981 PM - [error] - undefined - undefined - 400 - Cannot read properties of null (reading 'correctPassword') - 
2024-05-21 17:34:51.565 PM - [error] - undefined - undefined - 400 - Cannot read properties of null (reading 'correctPassword') - 
2024-05-21 17:34:58.988 PM - [error] - undefined - undefined - 401 - Incorrect email or password - 
2024-05-21 17:35:12.062 PM - [error] - undefined - undefined - 401 - Incorrect email or password - 
2024-05-21 17:35:23.685 PM - [error] - undefined - undefined - 401 - Incorrect email or password - 
2024-05-21 17:35:26.303 PM - [error] - undefined - undefined - 401 - Incorrect email or password - 
2024-05-21 17:36:11.370 PM - [error] - undefined - undefined - 401 - Incorrect email or password - 
2024-05-21 17:36:12.766 PM - [error] - undefined - undefined - 401 - Incorrect email or password - 
2024-05-21 17:36:14.134 PM - [error] - undefined - undefined - 401 - Incorrect email or password - 
2024-05-21 17:36:16.198 PM - [error] - undefined - undefined - 401 - Incorrect email or password - 
2024-05-21 17:36:17.385 PM - [error] - undefined - undefined - 401 - Incorrect email or password - 
2024-05-21 17:36:18.661 PM - [error] - undefined - undefined - 401 - Incorrect email or password - 
2024-05-21 17:36:19.884 PM - [error] - undefined - undefined - 401 - Incorrect email or password - 
2024-05-21 17:36:21.453 PM - [error] - undefined - undefined - 401 - Incorrect email or password - 
2024-05-21 17:36:22.330 PM - [error] - undefined - undefined - 401 - Incorrect email or password - 
2024-05-21 17:36:45.132 PM - [error] - undefined - undefined - 401 - Incorrect email or password - 
2024-05-21 17:36:46.487 PM - [error] - undefined - undefined - 401 - Incorrect email or password - 
2024-05-21 17:36:47.930 PM - [error] - undefined - undefined - 401 - Incorrect email or password - 
2024-05-21 17:36:49.273 PM - [error] - undefined - undefined - 401 - Incorrect email or password - 
2024-05-21 17:36:50.714 PM - [error] - undefined - undefined - 401 - Incorrect email or password - 
2024-05-21 17:36:52.070 PM - [error] - undefined - undefined - 401 - Incorrect email or password - 
2024-05-21 17:36:53.496 PM - [error] - undefined - undefined - 401 - Incorrect email or password - 
2024-05-21 17:37:13.277 PM - [error] - undefined - undefined - 400 - User validation failed: confirmPassword: Please provide confirm password - 
2024-05-21 17:37:14.866 PM - [error] - undefined - undefined - 400 - User validation failed: confirmPassword: Please provide confirm password - 
2024-05-21 17:37:16.445 PM - [error] - undefined - undefined - 400 - User validation failed: confirmPassword: Please provide confirm password - 
2024-05-21 17:37:18.528 PM - [error] - undefined - undefined - 400 - User validation failed: confirmPassword: Please provide confirm password - 
2024-05-21 17:37:20.442 PM - [error] - undefined - undefined - 400 - User validation failed: confirmPassword: Please provide confirm password - 
2024-05-21 17:37:21.772 PM - [error] - undefined - undefined - 400 - User validation failed: confirmPassword: Please provide confirm password - 
2024-05-21 17:37:53.749 PM - [error] - undefined - undefined - 400 - User validation failed: confirmPassword: Please provide confirm password - 
2024-05-21 17:37:55.087 PM - [error] - undefined - undefined - 400 - User validation failed: confirmPassword: Please provide confirm password - 
2024-05-21 17:37:56.587 PM - [error] - undefined - undefined - 400 - User validation failed: confirmPassword: Please provide confirm password - 
2024-05-21 17:37:58.243 PM - [error] - undefined - undefined - 400 - User validation failed: confirmPassword: Please provide confirm password - 
2024-05-21 17:37:59.806 PM - [error] - undefined - undefined - 400 - User validation failed: confirmPassword: Please provide confirm password - 
2024-05-21 17:38:26.624 PM - [error] - undefined - undefined - 400 - User validation failed: confirmPassword: Please provide confirm password - 
2024-05-21 17:39:00.094 PM - [error] - undefined - undefined - 401 - Incorrect email or password - 
2024-05-21 17:39:01.608 PM - [error] - undefined - undefined - 401 - Incorrect email or password - 
2024-05-21 17:39:02.965 PM - [error] - undefined - undefined - 401 - Incorrect email or password - 
2024-05-21 17:39:04.406 PM - [error] - undefined - undefined - 401 - Incorrect email or password - 
2024-05-21 17:39:06.347 PM - [error] - undefined - undefined - 401 - Incorrect email or password - 
2024-05-21 17:39:07.553 PM - [error] - undefined - undefined - 401 - Incorrect email or password - 
